<?xml version="1.0" encoding="UTF-8"?>
<!-- Generated by org.testng.reporters.JUnitReportReporter -->
<testsuite skipped="0" hostname="DESKTOP-HI56959" name="com.qa.testcases.LoginPageTest" tests="3" failures="0" timestamp="02 Jul 2020 18:27:43 GMT" time="76.459" errors="0">
  <testcase name="loginPageTitleTest" time="21.775" classname="com.qa.testcases.LoginPageTest"/>
  <testcase name="crmlogoImageTest" time="19.739" classname="com.qa.testcases.LoginPageTest"/>
  <testcase name="loginTest" time="34.945" classname="com.qa.testcases.LoginPageTest"/>
</testsuite> <!-- com.qa.testcases.LoginPageTest -->
