<?xml version="1.0" encoding="UTF-8"?>
<!-- Generated by org.testng.reporters.JUnitReportReporter -->
<testsuite skipped="0" hostname="DG-D-L012" name="com.qa.testcases.FreeCrmTest" tests="1" failures="0" timestamp="01 Nov 2020 17:36:38 GMT" time="49.706" errors="0">
  <testcase name="freeCrmTitleTest" time="49.706" classname="com.qa.testcases.FreeCrmTest"/>
</testsuite> <!-- com.qa.testcases.FreeCrmTest -->
