<?xml version="1.0" encoding="UTF-8"?>
<!-- Generated by org.testng.reporters.JUnitReportReporter -->
<testsuite skipped="0" hostname="DG-D-L012" name="com.qa.testcases.HomePageTest" tests="3" failures="0" timestamp="01 Nov 2020 17:36:38 GMT" time="86.926" errors="0">
  <testcase name="varifyHomePageTitleTest" time="27.685" classname="com.qa.testcases.HomePageTest"/>
  <testcase name="varifyUseNameTest" time="28.904" classname="com.qa.testcases.HomePageTest"/>
  <testcase name="varifyContactsLinkTest" time="30.337" classname="com.qa.testcases.HomePageTest"/>
</testsuite> <!-- com.qa.testcases.HomePageTest -->
